<?xml version="1.0" encoding="UTF-8"?>
<testng-results total="2" passed="2" failed="0" skipped="0">
  <reporter-output>
  </reporter-output>
  <suite started-at="2021-11-05T07:54:31Z" name="Default suite" finished-at="2021-11-05T07:54:40Z" duration-ms="9546">
    <groups>
      <group name="cucumber">
        <method signature="AbstractTestNGCucumberTests.runScenario(io.cucumber.testng.PickleWrapper, io.cucumber.testng.FeatureWrapper)[pri:0, instance:testRunner.TestRunner@341814d3]" name="runScenario" class="io.cucumber.testng.AbstractTestNGCucumberTests"/>
      </group> <!-- cucumber -->
    </groups>
    <test started-at="2021-11-05T07:54:31Z" name="Default test" finished-at="2021-11-05T07:54:40Z" duration-ms="9546">
      <class name="testRunner.TestRunner">
        <test-method is-config="true" signature="setUpClass(org.testng.ITestContext)[pri:0, instance:testRunner.TestRunner@341814d3]" started-at="2021-11-05T13:24:31Z" name="setUpClass" finished-at="2021-11-05T13:24:31Z" duration-ms="232" status="PASS">
          <params>
            <param index="0">
              <value>
                <![CDATA[org.testng.TestRunner@270b6b5e]]>
              </value>
            </param>
          </params>
          <reporter-output>
          </reporter-output>
        </test-method> <!-- setUpClass -->
        <test-method signature="runScenario(io.cucumber.testng.PickleWrapper, io.cucumber.testng.FeatureWrapper)[pri:0, instance:testRunner.TestRunner@341814d3]" started-at="2021-11-05T13:24:31Z" name="runScenario" description="Runs Cucumber Scenarios" data-provider="scenarios" finished-at="2021-11-05T13:24:36Z" duration-ms="4628" status="PASS">
          <params>
            <param index="0">
              <value>
                <![CDATA["negative test validating login"]]>
              </value>
            </param>
            <param index="1">
              <value>
                <![CDATA["Optional[Login to the application]"]]>
              </value>
            </param>
          </params>
          <reporter-output>
          </reporter-output>
        </test-method> <!-- runScenario -->
        <test-method signature="runScenario(io.cucumber.testng.PickleWrapper, io.cucumber.testng.FeatureWrapper)[pri:0, instance:testRunner.TestRunner@341814d3]" started-at="2021-11-05T13:24:36Z" name="runScenario" description="Runs Cucumber Scenarios" data-provider="scenarios" finished-at="2021-11-05T13:24:40Z" duration-ms="4647" status="PASS">
          <params>
            <param index="0">
              <value>
                <![CDATA["negative test validating login"]]>
              </value>
            </param>
            <param index="1">
              <value>
                <![CDATA["Optional[Login to the application]"]]>
              </value>
            </param>
          </params>
          <reporter-output>
          </reporter-output>
        </test-method> <!-- runScenario -->
        <test-method is-config="true" signature="tearDownClass()[pri:0, instance:testRunner.TestRunner@341814d3]" started-at="2021-11-05T13:24:40Z" name="tearDownClass" finished-at="2021-11-05T13:24:40Z" duration-ms="19" status="PASS">
          <reporter-output>
          </reporter-output>
        </test-method> <!-- tearDownClass -->
      </class> <!-- testRunner.TestRunner -->
    </test> <!-- Default test -->
  </suite> <!-- Default suite -->
</testng-results>
